<?xml version="1.0" encoding="UTF-8"?>
<!-- Generated by org.testng.reporters.JUnitReportReporter -->
<testsuite skipped="0" hostname="BDISYSBLORLP035" name="com.bizviz.survey.ST1" tests="2" failures="0" timestamp="27 Jun 2018 06:29:16 GMT" time="120.520" errors="0">
  <testcase name="createSurveyTest" time="52.952" classname="com.bizviz.survey.ST1"/>
  <testcase name="PublishSurvey" time="67.568" classname="com.bizviz.survey.ST1"/>
</testsuite> <!-- com.bizviz.survey.ST1 -->
