<?xml version="1.0" encoding="UTF-8"?>
<!-- Generated by org.testng.reporters.JUnitReportReporter -->
<testsuite skipped="1" hostname="BDISYSBLORLP035" name="com.bizviz.sentiment.SentimetTest" tests="1" failures="0" timestamp="27 Jun 2018 06:24:01 GMT" time="0.000" errors="0">
  <testcase name="CreateSentimentUsingExcel" time="0.000" classname="com.bizviz.sentiment.SentimetTest">
    <skipped/>
  </testcase> <!-- CreateSentimentUsingExcel -->
</testsuite> <!-- com.bizviz.sentiment.SentimetTest -->
