<?xml version="1.0" encoding="UTF-8"?>
<!-- Generated by org.testng.reporters.JUnitReportReporter -->
<testsuite skipped="0" hostname="Archana-PC" name="com.bizviz.survey.SurveyTest" tests="1" failures="0" timestamp="05 Jun 2018 12:17:11 GMT" time="43.461" errors="0">
  <testcase name="createSurveyTest" time="43.461" classname="com.bizviz.survey.SurveyTest"/>
</testsuite> <!-- com.bizviz.survey.SurveyTest -->
