<?xml version="1.0" encoding="UTF-8"?>
<!-- Generated by org.testng.reporters.JUnitReportReporter -->
<testsuite skipped="0" hostname="BDISYSBLORLP010" name="com.bizviz.survey.ST1" tests="2" failures="0" timestamp="11 Jun 2018 11:36:26 GMT" time="124.469" errors="0">
  <testcase name="createSurveyTest" time="55.558" classname="com.bizviz.survey.ST1"/>
  <testcase name="PublishSurvey" time="68.911" classname="com.bizviz.survey.ST1"/>
</testsuite> <!-- com.bizviz.survey.ST1 -->
